
*** Running vivado
    with args -log SingleStyleCPU.vds -m64 -mode batch -messageDb vivado.pb -notrace -source SingleStyleCPU.tcl


****** Vivado v2015.2 (64-bit)
  **** SW Build 1266856 on Fri Jun 26 16:35:25 MDT 2015
  **** IP Build 1264090 on Wed Jun 24 14:22:01 MDT 2015
    ** Copyright 1986-2015 Xilinx, Inc. All Rights Reserved.

source SingleStyleCPU.tcl -notrace
Command: synth_design -top SingleStyleCPU -part xc7a35tcpg236-1
Starting synth_design
Attempting to get a license for feature 'Synthesis' and/or device 'xc7a35t'
INFO: [Common 17-349] Got license for feature 'Synthesis' and/or device 'xc7a35t'
INFO: [Common 17-1223] The version limit for your license is '2017.03' and will expire in -425 days. A version limit expiration means that, although you may be able to continue to use the current version of tools or IP with this license, you will not be eligible for any updates or new releases.
WARNING: [Synth 8-1849] concatenation with unsized literal; will interpret as 32 bits [E:/Computer Organization/Experiment/SingleCycleCpu/SingleCycleCpu/SingleCycleCpu.srcs/sources_1/new/SignZeroExtend.v:29]
---------------------------------------------------------------------------------
Starting Synthesize : Time (s): cpu = 00:00:03 ; elapsed = 00:00:05 . Memory (MB): peak = 274.188 ; gain = 101.078
---------------------------------------------------------------------------------
INFO: [Synth 8-638] synthesizing module 'SingleStyleCPU' [E:/Computer Organization/Experiment/SingleCycleCpu/SingleCycleCpu/SingleCycleCpu.srcs/sources_1/new/SingleStyleCPU.v:23]
INFO: [Synth 8-638] synthesizing module 'ALU' [E:/Computer Organization/Experiment/SingleCycleCpu/SingleCycleCpu/SingleCycleCpu.srcs/sources_1/new/ALU.v:23]
INFO: [Synth 8-256] done synthesizing module 'ALU' (1#1) [E:/Computer Organization/Experiment/SingleCycleCpu/SingleCycleCpu/SingleCycleCpu.srcs/sources_1/new/ALU.v:23]
INFO: [Synth 8-638] synthesizing module 'ALUSrcSelect' [E:/Computer Organization/Experiment/SingleCycleCpu/SingleCycleCpu/SingleCycleCpu.srcs/sources_1/new/ALUSrcSelect.v:23]
INFO: [Synth 8-256] done synthesizing module 'ALUSrcSelect' (2#1) [E:/Computer Organization/Experiment/SingleCycleCpu/SingleCycleCpu/SingleCycleCpu.srcs/sources_1/new/ALUSrcSelect.v:23]
INFO: [Synth 8-638] synthesizing module 'ControlUnit' [E:/Computer Organization/Experiment/SingleCycleCpu/SingleCycleCpu/SingleCycleCpu.srcs/sources_1/new/ControlUnit.v:22]
INFO: [Synth 8-256] done synthesizing module 'ControlUnit' (3#1) [E:/Computer Organization/Experiment/SingleCycleCpu/SingleCycleCpu/SingleCycleCpu.srcs/sources_1/new/ControlUnit.v:22]
INFO: [Synth 8-638] synthesizing module 'DataMemory' [E:/Computer Organization/Experiment/SingleCycleCpu/SingleCycleCpu/SingleCycleCpu.srcs/sources_1/new/DataMemory.v:23]
WARNING: [Synth 8-4767] Trying to implement RAM 'RAM_reg' in registers. Block RAM or DRAM implementation is not possible; see log for reasons.
Reason is one or more of the following :
	1: RAM has multiple writes via different ports in same process. If RAM inferencing intended, write to one port per process. 
	2: Unable to determine number of words or word size in RAM. 
RAM "RAM_reg" dissolved into registers
INFO: [Synth 8-256] done synthesizing module 'DataMemory' (4#1) [E:/Computer Organization/Experiment/SingleCycleCpu/SingleCycleCpu/SingleCycleCpu.srcs/sources_1/new/DataMemory.v:23]
INFO: [Synth 8-638] synthesizing module 'DataSelect' [E:/Computer Organization/Experiment/SingleCycleCpu/SingleCycleCpu/SingleCycleCpu.srcs/sources_1/new/DataSelect.v:23]
INFO: [Synth 8-256] done synthesizing module 'DataSelect' (5#1) [E:/Computer Organization/Experiment/SingleCycleCpu/SingleCycleCpu/SingleCycleCpu.srcs/sources_1/new/DataSelect.v:23]
INFO: [Synth 8-638] synthesizing module 'InsMemRW' [E:/Computer Organization/Experiment/SingleCycleCpu/SingleCycleCpu/SingleCycleCpu.srcs/sources_1/new/InsMemRW.v:23]
INFO: [Synth 8-3876] $readmem data file 'E:/Computer Organization/Experiment/SingleCycleCpu/SingleCycleCpu/mem.txt' is read successfully [E:/Computer Organization/Experiment/SingleCycleCpu/SingleCycleCpu/SingleCycleCpu.srcs/sources_1/new/InsMemRW.v:31]
INFO: [Synth 8-256] done synthesizing module 'InsMemRW' (6#1) [E:/Computer Organization/Experiment/SingleCycleCpu/SingleCycleCpu/SingleCycleCpu.srcs/sources_1/new/InsMemRW.v:23]
INFO: [Synth 8-638] synthesizing module 'InstructionMemory' [E:/Computer Organization/Experiment/SingleCycleCpu/SingleCycleCpu/SingleCycleCpu.srcs/sources_1/new/InstructionMemory.v:23]
INFO: [Synth 8-256] done synthesizing module 'InstructionMemory' (7#1) [E:/Computer Organization/Experiment/SingleCycleCpu/SingleCycleCpu/SingleCycleCpu.srcs/sources_1/new/InstructionMemory.v:23]
INFO: [Synth 8-638] synthesizing module 'JumpOp' [E:/Computer Organization/Experiment/SingleCycleCpu/SingleCycleCpu/SingleCycleCpu.srcs/sources_1/new/JumpOp.v:23]
INFO: [Synth 8-256] done synthesizing module 'JumpOp' (8#1) [E:/Computer Organization/Experiment/SingleCycleCpu/SingleCycleCpu/SingleCycleCpu.srcs/sources_1/new/JumpOp.v:23]
INFO: [Synth 8-638] synthesizing module 'PC' [E:/Computer Organization/Experiment/SingleCycleCpu/SingleCycleCpu/SingleCycleCpu.srcs/sources_1/new/PC.v:22]
INFO: [Synth 8-256] done synthesizing module 'PC' (9#1) [E:/Computer Organization/Experiment/SingleCycleCpu/SingleCycleCpu/SingleCycleCpu.srcs/sources_1/new/PC.v:22]
INFO: [Synth 8-638] synthesizing module 'PC4' [E:/Computer Organization/Experiment/SingleCycleCpu/SingleCycleCpu/SingleCycleCpu.srcs/sources_1/new/PC4.v:23]
INFO: [Synth 8-256] done synthesizing module 'PC4' (10#1) [E:/Computer Organization/Experiment/SingleCycleCpu/SingleCycleCpu/SingleCycleCpu.srcs/sources_1/new/PC4.v:23]
INFO: [Synth 8-638] synthesizing module 'PCI' [E:/Computer Organization/Experiment/SingleCycleCpu/SingleCycleCpu/SingleCycleCpu.srcs/sources_1/new/PCI.v:23]
INFO: [Synth 8-256] done synthesizing module 'PCI' (11#1) [E:/Computer Organization/Experiment/SingleCycleCpu/SingleCycleCpu/SingleCycleCpu.srcs/sources_1/new/PCI.v:23]
INFO: [Synth 8-638] synthesizing module 'PCSelect' [E:/Computer Organization/Experiment/SingleCycleCpu/SingleCycleCpu/SingleCycleCpu.srcs/sources_1/new/PCSelect.v:23]
INFO: [Synth 8-256] done synthesizing module 'PCSelect' (12#1) [E:/Computer Organization/Experiment/SingleCycleCpu/SingleCycleCpu/SingleCycleCpu.srcs/sources_1/new/PCSelect.v:23]
INFO: [Synth 8-638] synthesizing module 'RegisterFile' [E:/Computer Organization/Experiment/SingleCycleCpu/SingleCycleCpu/SingleCycleCpu.srcs/sources_1/new/RegisterFile.v:23]
INFO: [Synth 8-256] done synthesizing module 'RegisterFile' (13#1) [E:/Computer Organization/Experiment/SingleCycleCpu/SingleCycleCpu/SingleCycleCpu.srcs/sources_1/new/RegisterFile.v:23]
INFO: [Synth 8-638] synthesizing module 'RegSelect' [E:/Computer Organization/Experiment/SingleCycleCpu/SingleCycleCpu/SingleCycleCpu.srcs/sources_1/new/RegSelect.v:23]
INFO: [Synth 8-256] done synthesizing module 'RegSelect' (14#1) [E:/Computer Organization/Experiment/SingleCycleCpu/SingleCycleCpu/SingleCycleCpu.srcs/sources_1/new/RegSelect.v:23]
INFO: [Synth 8-638] synthesizing module 'SignZeroExtend' [E:/Computer Organization/Experiment/SingleCycleCpu/SingleCycleCpu/SingleCycleCpu.srcs/sources_1/new/SignZeroExtend.v:23]
INFO: [Synth 8-256] done synthesizing module 'SignZeroExtend' (15#1) [E:/Computer Organization/Experiment/SingleCycleCpu/SingleCycleCpu/SingleCycleCpu.srcs/sources_1/new/SignZeroExtend.v:23]
INFO: [Synth 8-256] done synthesizing module 'SingleStyleCPU' (16#1) [E:/Computer Organization/Experiment/SingleCycleCpu/SingleCycleCpu/SingleCycleCpu.srcs/sources_1/new/SingleStyleCPU.v:23]
---------------------------------------------------------------------------------
Finished Synthesize : Time (s): cpu = 00:00:04 ; elapsed = 00:00:06 . Memory (MB): peak = 312.082 ; gain = 138.973
---------------------------------------------------------------------------------
---------------------------------------------------------------------------------
Finished Constraint Validation : Time (s): cpu = 00:00:04 ; elapsed = 00:00:06 . Memory (MB): peak = 312.082 ; gain = 138.973
---------------------------------------------------------------------------------
---------------------------------------------------------------------------------
Start Loading Part and Timing Information
---------------------------------------------------------------------------------
Loading part: xc7a35tcpg236-1
---------------------------------------------------------------------------------
Finished Loading Part and Timing Information : Time (s): cpu = 00:00:04 ; elapsed = 00:00:06 . Memory (MB): peak = 312.082 ; gain = 138.973
---------------------------------------------------------------------------------
INFO: [Device 21-403] Loading part xc7a35tcpg236-1
INFO: [Synth 8-3537] HDL ADVISOR - The operator resource <adder> is shared. To prevent sharing consider applying a KEEP on the inputs of the operator [E:/Computer Organization/Experiment/SingleCycleCpu/SingleCycleCpu/SingleCycleCpu.srcs/sources_1/new/ALU.v:30]
INFO: [Synth 8-5545] ROM "zero" won't be mapped to RAM because address size (32) is larger than maximum supported(18)
INFO: [Synth 8-5546] ROM "PCWre0" won't be mapped to RAM because it is too sparse
INFO: [Synth 8-5546] ROM "ALUSrcA0" won't be mapped to RAM because it is too sparse
INFO: [Synth 8-5546] ROM "DBDataSrc0" won't be mapped to RAM because it is too sparse
INFO: [Synth 8-5546] ROM "mWR0" won't be mapped to RAM because it is too sparse
INFO: [Synth 8-5546] ROM "ExtSel0" won't be mapped to RAM because it is too sparse
INFO: [Synth 8-5546] ROM "PCSrc0" won't be mapped to RAM because it is too sparse
INFO: [Synth 8-5546] ROM "IDataIn" won't be mapped to RAM because it is too sparse
INFO: [Synth 8-5546] ROM "IDataIn" won't be mapped to RAM because it is too sparse
INFO: [Synth 8-5546] ROM "IDataIn" won't be mapped to RAM because it is too sparse
INFO: [Synth 8-5546] ROM "IDataIn" won't be mapped to RAM because it is too sparse
WARNING: [Synth 8-327] inferring latch for variable 'address_reg' [E:/Computer Organization/Experiment/SingleCycleCpu/SingleCycleCpu/SingleCycleCpu.srcs/sources_1/new/PCSelect.v:32]
---------------------------------------------------------------------------------
Finished RTL Optimization Phase 2 : Time (s): cpu = 00:00:07 ; elapsed = 00:00:07 . Memory (MB): peak = 400.113 ; gain = 227.004
---------------------------------------------------------------------------------

Report RTL Partitions: 
+-+--------------+------------+----------+
| |RTL Partition |Replication |Instances |
+-+--------------+------------+----------+
+-+--------------+------------+----------+
No constraint files found.
---------------------------------------------------------------------------------
Start RTL Component Statistics 
---------------------------------------------------------------------------------
Detailed RTL Component Info : 
+---Adders : 
	   3 Input     32 Bit       Adders := 1     
	   2 Input     32 Bit       Adders := 5     
	   2 Input      7 Bit       Adders := 3     
+---XORs : 
	   2 Input     32 Bit         XORs := 1     
+---Registers : 
	               32 Bit    Registers := 1     
+---Muxes : 
	   8 Input     32 Bit        Muxes := 1     
	   2 Input     32 Bit        Muxes := 6     
	   4 Input     32 Bit        Muxes := 1     
	   2 Input      8 Bit        Muxes := 300   
	  73 Input      8 Bit        Muxes := 4     
	   2 Input      5 Bit        Muxes := 1     
	   2 Input      2 Bit        Muxes := 9     
	   2 Input      1 Bit        Muxes := 301   
	   5 Input      1 Bit        Muxes := 100   
	   4 Input      1 Bit        Muxes := 1     
---------------------------------------------------------------------------------
Finished RTL Component Statistics 
---------------------------------------------------------------------------------
---------------------------------------------------------------------------------
Start RTL Hierarchical Component Statistics 
---------------------------------------------------------------------------------
Hierarchical RTL Component report 
Module ALU 
Detailed RTL Component Info : 
+---Adders : 
	   3 Input     32 Bit       Adders := 1     
+---XORs : 
	   2 Input     32 Bit         XORs := 1     
+---Muxes : 
	   8 Input     32 Bit        Muxes := 1     
	   2 Input      1 Bit        Muxes := 1     
Module ALUSrcSelect 
Detailed RTL Component Info : 
+---Muxes : 
	   2 Input     32 Bit        Muxes := 2     
Module ControlUnit 
Detailed RTL Component Info : 
+---Muxes : 
	   2 Input      2 Bit        Muxes := 9     
Module DataMemory 
Detailed RTL Component Info : 
+---Adders : 
	   2 Input      7 Bit       Adders := 3     
+---Muxes : 
	   2 Input      8 Bit        Muxes := 300   
	   2 Input      1 Bit        Muxes := 300   
	   5 Input      1 Bit        Muxes := 100   
Module DataSelect 
Detailed RTL Component Info : 
+---Muxes : 
	   2 Input     32 Bit        Muxes := 1     
Module InsMemRW 
Detailed RTL Component Info : 
+---Adders : 
	   2 Input     32 Bit       Adders := 3     
+---Muxes : 
	  73 Input      8 Bit        Muxes := 4     
Module PC 
Detailed RTL Component Info : 
+---Registers : 
	               32 Bit    Registers := 1     
Module PC4 
Detailed RTL Component Info : 
+---Adders : 
	   2 Input     32 Bit       Adders := 1     
Module PCI 
Detailed RTL Component Info : 
+---Adders : 
	   2 Input     32 Bit       Adders := 1     
Module PCSelect 
Detailed RTL Component Info : 
+---Muxes : 
	   4 Input     32 Bit        Muxes := 1     
	   4 Input      1 Bit        Muxes := 1     
Module RegisterFile 
Detailed RTL Component Info : 
+---Muxes : 
	   2 Input     32 Bit        Muxes := 2     
Module RegSelect 
Detailed RTL Component Info : 
+---Muxes : 
	   2 Input      5 Bit        Muxes := 1     
Module SignZeroExtend 
Detailed RTL Component Info : 
+---Muxes : 
	   2 Input     32 Bit        Muxes := 1     
---------------------------------------------------------------------------------
Finished RTL Hierarchical Component Statistics
---------------------------------------------------------------------------------
---------------------------------------------------------------------------------
Start Part Resource Summary
---------------------------------------------------------------------------------
Part Resources:
DSPs: 120 (col length:60)
BRAMs: 150 (col length: RAMB18 60 RAMB36 30)
---------------------------------------------------------------------------------
Finished Part Resource Summary
---------------------------------------------------------------------------------
Start Parallel Synthesis Optimization  : Time (s): cpu = 00:00:08 ; elapsed = 00:00:08 . Memory (MB): peak = 431.992 ; gain = 258.883
---------------------------------------------------------------------------------
Start Cross Boundary Optimization
---------------------------------------------------------------------------------
INFO: [Synth 8-5545] ROM "zero" won't be mapped to RAM because address size (32) is larger than maximum supported(18)
---------------------------------------------------------------------------------
Finished Cross Boundary Optimization : Time (s): cpu = 00:00:11 ; elapsed = 00:00:10 . Memory (MB): peak = 433.258 ; gain = 260.148
---------------------------------------------------------------------------------
Finished Parallel Reinference  : Time (s): cpu = 00:00:11 ; elapsed = 00:00:10 . Memory (MB): peak = 433.258 ; gain = 260.148

Report RTL Partitions: 
+-+--------------+------------+----------+
| |RTL Partition |Replication |Instances |
+-+--------------+------------+----------+
+-+--------------+------------+----------+
---------------------------------------------------------------------------------
Start ROM, RAM, DSP and Shift Register Reporting
---------------------------------------------------------------------------------

Distributed RAM: 
+---------------+-----------------------------+-----------+----------------------+---------------+-----------------------+
|Module Name    | RTL Object                  | Inference | Size (Depth x Width) | Primitives    | Hierarchical Name     | 
+---------------+-----------------------------+-----------+----------------------+---------------+-----------------------+
|SingleStyleCPU | my_registerfile/regFile_reg | Implied   | 32 x 32              | RAM32M x 12   | SingleStyleCPU/ram__2 | 
+---------------+-----------------------------+-----------+----------------------+---------------+-----------------------+

Note: The table shows the Distributed RAMs at the current stage of the synthesis flow. Some Distributed RAMs may be reimplemented as non Distributed RAM primitives later in the synthesis flow. Multiple instantiated RAMs are reported only once. "Hierarchical Name" reflects the Distributed RAM name as it appears in the hierarchical module and only part of it is displayed.
---------------------------------------------------------------------------------
Finished ROM, RAM, DSP and Shift Register Reporting
---------------------------------------------------------------------------------
No constraint files found.
---------------------------------------------------------------------------------
Start Area Optimization
---------------------------------------------------------------------------------
---------------------------------------------------------------------------------
Finished Area Optimization : Time (s): cpu = 00:00:23 ; elapsed = 00:00:25 . Memory (MB): peak = 671.801 ; gain = 498.691
---------------------------------------------------------------------------------
Finished Parallel Area Optimization  : Time (s): cpu = 00:00:23 ; elapsed = 00:00:25 . Memory (MB): peak = 671.801 ; gain = 498.691

Report RTL Partitions: 
+-+--------------+------------+----------+
| |RTL Partition |Replication |Instances |
+-+--------------+------------+----------+
+-+--------------+------------+----------+
Finished Parallel Synthesis Optimization  : Time (s): cpu = 00:00:23 ; elapsed = 00:00:25 . Memory (MB): peak = 671.801 ; gain = 498.691
---------------------------------------------------------------------------------
Start Timing Optimization
---------------------------------------------------------------------------------
No constraint files found.
---------------------------------------------------------------------------------
Finished Timing Optimization : Time (s): cpu = 00:00:23 ; elapsed = 00:00:25 . Memory (MB): peak = 671.801 ; gain = 498.691
---------------------------------------------------------------------------------

Report RTL Partitions: 
+-+--------------+------------+----------+
| |RTL Partition |Replication |Instances |
+-+--------------+------------+----------+
+-+--------------+------------+----------+
---------------------------------------------------------------------------------
Start Technology Mapping
---------------------------------------------------------------------------------
WARNING: [Synth 8-3332] Sequential element (\my_pc/pc_new_reg[0] ) is unused and will be removed from module SingleStyleCPU.
WARNING: [Synth 8-3332] Sequential element (\my_pcselect/address_reg[0] ) is unused and will be removed from module SingleStyleCPU.
---------------------------------------------------------------------------------
Finished Technology Mapping : Time (s): cpu = 00:00:25 ; elapsed = 00:00:27 . Memory (MB): peak = 671.801 ; gain = 498.691
---------------------------------------------------------------------------------

Report RTL Partitions: 
+-+--------------+------------+----------+
| |RTL Partition |Replication |Instances |
+-+--------------+------------+----------+
+-+--------------+------------+----------+
---------------------------------------------------------------------------------
Start IO Insertion
---------------------------------------------------------------------------------
---------------------------------------------------------------------------------
Start Final Netlist Cleanup
---------------------------------------------------------------------------------
---------------------------------------------------------------------------------
Finished Final Netlist Cleanup
---------------------------------------------------------------------------------
---------------------------------------------------------------------------------
Finished IO Insertion : Time (s): cpu = 00:00:26 ; elapsed = 00:00:27 . Memory (MB): peak = 671.801 ; gain = 498.691
---------------------------------------------------------------------------------

Report Check Netlist: 
+------+------------------+-------+---------+-------+------------------+
|      |Item              |Errors |Warnings |Status |Description       |
+------+------------------+-------+---------+-------+------------------+
|1     |multi_driven_nets |      0|        0|Passed |Multi driven nets |
+------+------------------+-------+---------+-------+------------------+
---------------------------------------------------------------------------------
Start Renaming Generated Instances
---------------------------------------------------------------------------------
---------------------------------------------------------------------------------
Finished Renaming Generated Instances : Time (s): cpu = 00:00:26 ; elapsed = 00:00:27 . Memory (MB): peak = 671.801 ; gain = 498.691
---------------------------------------------------------------------------------

Report RTL Partitions: 
+-+--------------+------------+----------+
| |RTL Partition |Replication |Instances |
+-+--------------+------------+----------+
+-+--------------+------------+----------+
---------------------------------------------------------------------------------
Start Rebuilding User Hierarchy
---------------------------------------------------------------------------------
---------------------------------------------------------------------------------
Finished Rebuilding User Hierarchy : Time (s): cpu = 00:00:26 ; elapsed = 00:00:27 . Memory (MB): peak = 671.801 ; gain = 498.691
---------------------------------------------------------------------------------
---------------------------------------------------------------------------------
Start Renaming Generated Ports : Time (s): cpu = 00:00:26 ; elapsed = 00:00:27 . Memory (MB): peak = 671.801 ; gain = 498.691
---------------------------------------------------------------------------------
---------------------------------------------------------------------------------
Finished Renaming Generated Ports : Time (s): cpu = 00:00:26 ; elapsed = 00:00:28 . Memory (MB): peak = 671.801 ; gain = 498.691
---------------------------------------------------------------------------------
---------------------------------------------------------------------------------
Start Writing Synthesis Report
---------------------------------------------------------------------------------

Report BlackBoxes: 
+-+--------------+----------+
| |BlackBox name |Instances |
+-+--------------+----------+
+-+--------------+----------+

Report Cell Usage: 
+------+-------+------+
|      |Cell   |Count |
+------+-------+------+
|1     |BUFG   |     1|
|2     |CARRY4 |    28|
|3     |LUT1   |    38|
|4     |LUT2   |   160|
|5     |LUT3   |   586|
|6     |LUT4   |   640|
|7     |LUT5   |   336|
|8     |LUT6   |  1967|
|9     |MUXF7  |   178|
|10    |MUXF8  |    42|
|11    |RAM32M |    12|
|12    |FDCE   |    31|
|13    |FDRE   |   800|
|14    |LD     |    31|
|15    |IBUF   |     2|
|16    |OBUF   |   329|
|17    |OBUFT  |    32|
+------+-------+------+

Report Instance Areas: 
+------+------------------+-------------+------+
|      |Instance          |Module       |Cells |
+------+------------------+-------------+------+
|1     |top               |             |  5213|
|2     |  my_alu          |ALU          |    40|
|3     |  my_datamemory   |DataMemory   |  2102|
|4     |  my_pc           |PC           |   968|
|5     |  my_pci          |PCI          |    38|
|6     |  my_pcselect     |PCSelect     |    32|
|7     |  my_registerfile |RegisterFile |  1669|
+------+------------------+-------------+------+
---------------------------------------------------------------------------------
Finished Writing Synthesis Report : Time (s): cpu = 00:00:26 ; elapsed = 00:00:28 . Memory (MB): peak = 671.801 ; gain = 498.691
---------------------------------------------------------------------------------
Synthesis finished with 0 errors, 0 critical warnings and 5 warnings.
Synthesis Optimization Runtime : Time (s): cpu = 00:00:25 ; elapsed = 00:00:25 . Memory (MB): peak = 671.801 ; gain = 460.797
Synthesis Optimization Complete : Time (s): cpu = 00:00:26 ; elapsed = 00:00:28 . Memory (MB): peak = 671.801 ; gain = 498.691
INFO: [Project 1-571] Translating synthesized netlist
INFO: [Netlist 29-17] Analyzing 73 Unisim elements for replacement
INFO: [Netlist 29-28] Unisim Transformation completed in 0 CPU seconds
INFO: [Project 1-570] Preparing netlist for logic optimization
INFO: [Opt 31-138] Pushed 2 inverter(s) to 812 load pin(s).
INFO: [Project 1-111] Unisim Transformation Summary:
  A total of 43 instances were transformed.
  LD => LDCE: 31 instances
  RAM32M => RAM32M (inverted pins: WCLK) (RAMD32, RAMD32, RAMD32, RAMD32, RAMD32, RAMD32, RAMS32, RAMS32): 12 instances

INFO: [Common 17-83] Releasing license: Synthesis
56 Infos, 5 Warnings, 0 Critical Warnings and 0 Errors encountered.
synth_design completed successfully
synth_design: Time (s): cpu = 00:00:27 ; elapsed = 00:00:27 . Memory (MB): peak = 671.801 ; gain = 462.094
report_utilization: Time (s): cpu = 00:00:00 ; elapsed = 00:00:00.109 . Memory (MB): peak = 671.801 ; gain = 0.000
INFO: [Common 17-206] Exiting Vivado at Wed May 30 22:42:42 2018...
